{
  "stats": {
    "suites": 1,
    "tests": 1,
    "passes": 1,
    "pending": 0,
    "failures": 0,
    "start": "2025-09-17T15:46:32.401Z",
    "end": "2025-09-17T15:46:40.697Z",
    "duration": 8296,
    "testsRegistered": 1,
    "passPercent": 100,
    "pendingPercent": 0,
    "other": 0,
    "hasOther": false,
    "skipped": 0,
    "hasSkipped": false
  },
  "results": [
    {
      "uuid": "3013c32f-f88c-46c1-b2e4-4baaeff49a6d",
      "title": "",
      "fullFile": "cypress\\e2e\\18_testScreenshots.cy.js",
      "file": "cypress\\e2e\\18_testScreenshots.cy.js",
      "beforeHooks": [],
      "afterHooks": [],
      "tests": [],
      "suites": [
        {
          "uuid": "2ea9d506-69fa-4993-9e04-1b48b1f4d584",
          "title": "Screenshot demo",
          "fullFile": "",
          "file": "",
          "beforeHooks": [],
          "afterHooks": [],
          "tests": [
            {
              "title": "Test Case 1: ",
              "fullTitle": "Screenshot demo Test Case 1: ",
              "timedOut": null,
              "duration": 4062,
              "state": "passed",
              "speed": "fast",
              "pass": true,
              "fail": false,
              "pending": false,
              "context": null,
              "code": "// open url\ncy.visit(\"https://www.google.com\");\n// capture the full page screenshot\ncy.screenshot(\"Google Homepage\");\n// capture specific web element screenshot\ncy.get('.LLD4me').screenshot(\"Google Logo\");\ncy.get('[jsmodel=\"b5W85 vNzKHd\"]').screenshot(\"Google Search Input\");",
              "err": {},
              "uuid": "f8e004d0-cfec-4dc3-8f0e-4a25d18371db",
              "parentUUID": "2ea9d506-69fa-4993-9e04-1b48b1f4d584",
              "isHook": false,
              "skipped": false
            }
          ],
          "suites": [],
          "passes": [
            "f8e004d0-cfec-4dc3-8f0e-4a25d18371db"
          ],
          "failures": [],
          "pending": [],
          "skipped": [],
          "duration": 4062,
          "root": false,
          "rootEmpty": false,
          "_timeout": 2000
        }
      ],
      "passes": [],
      "failures": [],
      "pending": [],
      "skipped": [],
      "duration": 0,
      "root": true,
      "rootEmpty": true,
      "_timeout": 2000
    }
  ],
  "meta": {
    "mocha": {
      "version": "7.2.0"
    },
    "mochawesome": {
      "options": {
        "quiet": false,
        "reportFilename": "mochawesome",
        "saveHtml": true,
        "saveJson": true,
        "consoleReporter": "spec",
        "useInlineDiffs": false,
        "code": true
      },
      "version": "7.1.4"
    },
    "marge": {
      "options": null,
      "version": "6.3.0"
    }
  }
}